<?xml version="1.0" encoding="UTF-8"?>
<testsuite name="CucumberRunner" tests="0" skipped="0" failures="0" errors="0" timestamp="1970-01-01T00:00:00" hostname="DESKTOP-8C57539" time="0.0">
  <properties/>
  <system-out><![CDATA[  ?[32mGiven ?[0m?[32mUser open atlas web playground page?[0m              ?[90m# steps.WebPalay.userOpenAtlasWebPlaygroundPage()?[0m
  ?[32mWhen ?[0m?[32mUser input quote ?[0m?[32m?[1m"There is a will there is a way"?[0m ?[90m# steps.WebPalay.userInputQuote(java.lang.String)?[0m
  ?[32mAnd ?[0m?[32mUser select color ?[0m?[32m?[1m"Yellow"?[0m                         ?[90m# steps.WebPalay.userSelectColor(java.lang.String)?[0m
  ?[32mAnd ?[0m?[32mUser click button add quote?[0m                        ?[90m# steps.WebPalay.userClickButtonAddQuote()?[0m
  ?[32mThen ?[0m?[32mUser see quote ?[0m?[32m?[1m"There is a will there is a way"?[0m   ?[90m# steps.GridView.userSeeQuote(java.lang.String)?[0m
]]></system-out>
  <system-err><![CDATA[?[32m?[1m?????????????????????????????????????????????????????????????????????????????[0m
?[32m?[1m??[0m View your Cucumber Report at:                                            ?[32m?[1m??[0m
?[32m?[1m??[0m ?[1m?[36m?[4mhttps://reports.cucumber.io/reports/023aa020-5093-4422-aa90-df482694df13?[0m ?[32m?[1m??[0m
?[32m?[1m??[0m                                                                          ?[32m?[1m??[0m
?[32m?[1m??[0m ?[1mThis report will self-destruct in 24h.?[0m                                   ?[32m?[1m??[0m
?[32m?[1m??[0m Keep reports forever: ?[4m?[1m?[36mhttps://reports.cucumber.io/profile?[0m                ?[32m?[1m??[0m
?[32m?[1m?????????????????????????????????????????????????????????????????????????????[0m]]></system-err>
</testsuite>
